<!DOCTYPE html PUBLIC "-//W3C//DTD XHTML 1.1//EN" "http://www.w3.org/TR/xhtml11/DTD/xhtml11.dtd">
<html xmlns="http://www.w3.org/1999/xhtml"><head><title>TestNG Report</title><style type="text/css">table {margin-bottom:10px;border-collapse:collapse;empty-cells:show}th,td {border:1px solid #009;padding:.25em .5em}th {vertical-align:bottom}td {vertical-align:top}table a {font-weight:bold}.stripe td {background-color: #E6EBF9}.num {text-align:right}.passedodd td {background-color: #3F3}.passedeven td {background-color: #0A0}.skippedodd td {background-color: #DDD}.skippedeven td {background-color: #CCC}.failedodd td,.attn {background-color: #F33}.failedeven td,.stripe .attn {background-color: #D00}.stacktrace {white-space:pre;font-family:monospace}.totop {font-size:85%;text-align:center;border-bottom:2px solid #000}</style></head><body><table><tr><th>Test</th><th># Passed</th><th># Skipped</th><th># Failed</th><th>Time (ms)</th><th>Included Groups</th><th>Excluded Groups</th></tr><tr><th colspan="7">Plobal_iOS</th></tr><tr><td><a href="#t0">iOSPlobal</a></td><td class="num">0</td><td class="num attn">7</td><td class="num attn">7</td><td class="num">12,212</td><td></td><td></td></tr></table><table><thead><tr><th>Class</th><th>Method</th><th>Start</th><th>Time (ms)</th></tr></thead><tbody><tr><th colspan="4">Plobal_iOS</th></tr></tbody><tbody id="t0"><tr><th colspan="4">iOSPlobal &#8212; failed</th></tr><tr class="failedeven"><td rowspan="7">com.Plobal.iOS_Plobal_Scripts.IOS_Plobal_Test_cases</td><td><a href="#m0">addProductToCart</a></td><td rowspan="1">1665482070844</td><td rowspan="1">18</td></tr><tr class="failedeven"><td><a href="#m1">plobalBarCodeSearchProduct</a></td><td rowspan="1">1665482070902</td><td rowspan="1">21</td></tr><tr class="failedeven"><td><a href="#m2">plobalDeliveryAddress</a></td><td rowspan="1">1665482070863</td><td rowspan="1">19</td></tr><tr class="failedeven"><td><a href="#m3">plobalLogin</a></td><td rowspan="1">1665482070511</td><td rowspan="1">290</td></tr><tr class="failedeven"><td><a href="#m4">plobalLogout</a></td><td rowspan="1">1665482070924</td><td rowspan="1">21</td></tr><tr class="failedeven"><td><a href="#m5">plobalSearchProduct</a></td><td rowspan="1">1665482070883</td><td rowspan="1">18</td></tr><tr class="failedeven"><td><a href="#m6">plobalSelectItem</a></td><td rowspan="1">1665482070824</td><td rowspan="1">19</td></tr><tr><th colspan="4">iOSPlobal &#8212; skipped (configuration methods)</th></tr><tr class="skippedeven"><td rowspan="2">com.Plobal.iOS_Plobal_Scripts.IOS_Plobal_Test_cases</td><td><a href="#m7">init</a></td><td rowspan="1">1665482063060</td><td rowspan="1">0</td></tr><tr class="skippedeven"><td><a href="#m8">plobalAppQuit</a></td><td rowspan="1">1665482070948</td><td rowspan="1">0</td></tr><tr><th colspan="4">iOSPlobal &#8212; skipped</th></tr><tr class="skippedeven"><td rowspan="7">com.Plobal.iOS_Plobal_Scripts.IOS_Plobal_Test_cases</td><td><a href="#m9">addProductToCart</a></td><td rowspan="1">1665482070844</td><td rowspan="1">18</td></tr><tr class="skippedeven"><td><a href="#m10">plobalBarCodeSearchProduct</a></td><td rowspan="1">1665482070902</td><td rowspan="1">21</td></tr><tr class="skippedeven"><td><a href="#m11">plobalDeliveryAddress</a></td><td rowspan="1">1665482070863</td><td rowspan="1">19</td></tr><tr class="skippedeven"><td><a href="#m12">plobalLogin</a></td><td rowspan="1">1665482070518</td><td rowspan="1">281</td></tr><tr class="skippedeven"><td><a href="#m13">plobalLogout</a></td><td rowspan="1">1665482070924</td><td rowspan="1">20</td></tr><tr class="skippedeven"><td><a href="#m14">plobalSearchProduct</a></td><td rowspan="1">1665482070884</td><td rowspan="1">17</td></tr><tr class="skippedeven"><td><a href="#m15">plobalSelectItem</a></td><td rowspan="1">1665482070824</td><td rowspan="1">18</td></tr></tbody></table><h2>iOSPlobal</h2><h3 id="m0">com.Plobal.iOS_Plobal_Scripts.IOS_Plobal_Test_cases#addProductToCart</h3><table class="result"><tr><th>Exception</th></tr><tr><td><div class="stacktrace">java.lang.IllegalArgumentException: nodeName cannot be null or empty
	at com.aventstack.extentreports.ExtentTest.createNode(ExtentTest.java:166)
	at com.aventstack.extentreports.ExtentTest.createNode(ExtentTest.java:274)
	at com.extent.ExtentReporter.HeaderChildNode(ExtentReporter.java:285)
	at com.extent.ExtentReporter.onTestSkipped(ExtentReporter.java:276)
... Removed 24 stack frames</div></td></tr></table><p class="totop"><a href="#summary">back to summary</a></p><h3 id="m1">com.Plobal.iOS_Plobal_Scripts.IOS_Plobal_Test_cases#plobalBarCodeSearchProduct</h3><table class="result"><tr><th>Exception</th></tr><tr><td><div class="stacktrace">java.lang.IllegalArgumentException: nodeName cannot be null or empty
	at com.aventstack.extentreports.ExtentTest.createNode(ExtentTest.java:166)
	at com.aventstack.extentreports.ExtentTest.createNode(ExtentTest.java:274)
	at com.extent.ExtentReporter.HeaderChildNode(ExtentReporter.java:285)
	at com.extent.ExtentReporter.onTestSkipped(ExtentReporter.java:276)
... Removed 24 stack frames</div></td></tr></table><p class="totop"><a href="#summary">back to summary</a></p><h3 id="m2">com.Plobal.iOS_Plobal_Scripts.IOS_Plobal_Test_cases#plobalDeliveryAddress</h3><table class="result"><tr><th>Exception</th></tr><tr><td><div class="stacktrace">java.lang.IllegalArgumentException: nodeName cannot be null or empty
	at com.aventstack.extentreports.ExtentTest.createNode(ExtentTest.java:166)
	at com.aventstack.extentreports.ExtentTest.createNode(ExtentTest.java:274)
	at com.extent.ExtentReporter.HeaderChildNode(ExtentReporter.java:285)
	at com.extent.ExtentReporter.onTestSkipped(ExtentReporter.java:276)
... Removed 24 stack frames</div></td></tr></table><p class="totop"><a href="#summary">back to summary</a></p><h3 id="m3">com.Plobal.iOS_Plobal_Scripts.IOS_Plobal_Test_cases#plobalLogin</h3><table class="result"><tr><th>Exception</th></tr><tr><td><div class="stacktrace">java.lang.IllegalArgumentException: nodeName cannot be null or empty
	at com.aventstack.extentreports.ExtentTest.createNode(ExtentTest.java:166)
	at com.aventstack.extentreports.ExtentTest.createNode(ExtentTest.java:274)
	at com.extent.ExtentReporter.HeaderChildNode(ExtentReporter.java:285)
	at com.extent.ExtentReporter.onTestSkipped(ExtentReporter.java:276)
... Removed 24 stack frames</div></td></tr></table><p class="totop"><a href="#summary">back to summary</a></p><h3 id="m4">com.Plobal.iOS_Plobal_Scripts.IOS_Plobal_Test_cases#plobalLogout</h3><table class="result"><tr><th>Exception</th></tr><tr><td><div class="stacktrace">java.lang.IllegalArgumentException: nodeName cannot be null or empty
	at com.aventstack.extentreports.ExtentTest.createNode(ExtentTest.java:166)
	at com.aventstack.extentreports.ExtentTest.createNode(ExtentTest.java:274)
	at com.extent.ExtentReporter.HeaderChildNode(ExtentReporter.java:285)
	at com.extent.ExtentReporter.onTestSkipped(ExtentReporter.java:276)
... Removed 24 stack frames</div></td></tr></table><p class="totop"><a href="#summary">back to summary</a></p><h3 id="m5">com.Plobal.iOS_Plobal_Scripts.IOS_Plobal_Test_cases#plobalSearchProduct</h3><table class="result"><tr><th>Exception</th></tr><tr><td><div class="stacktrace">java.lang.IllegalArgumentException: nodeName cannot be null or empty
	at com.aventstack.extentreports.ExtentTest.createNode(ExtentTest.java:166)
	at com.aventstack.extentreports.ExtentTest.createNode(ExtentTest.java:274)
	at com.extent.ExtentReporter.HeaderChildNode(ExtentReporter.java:285)
	at com.extent.ExtentReporter.onTestSkipped(ExtentReporter.java:276)
... Removed 24 stack frames</div></td></tr></table><p class="totop"><a href="#summary">back to summary</a></p><h3 id="m6">com.Plobal.iOS_Plobal_Scripts.IOS_Plobal_Test_cases#plobalSelectItem</h3><table class="result"><tr><th>Exception</th></tr><tr><td><div class="stacktrace">java.lang.IllegalArgumentException: nodeName cannot be null or empty
	at com.aventstack.extentreports.ExtentTest.createNode(ExtentTest.java:166)
	at com.aventstack.extentreports.ExtentTest.createNode(ExtentTest.java:274)
	at com.extent.ExtentReporter.HeaderChildNode(ExtentReporter.java:285)
	at com.extent.ExtentReporter.onTestSkipped(ExtentReporter.java:276)
... Removed 24 stack frames</div></td></tr></table><p class="totop"><a href="#summary">back to summary</a></p><h3 id="m7">com.Plobal.iOS_Plobal_Scripts.IOS_Plobal_Test_cases#init</h3><table class="result"><tr><th>Exception</th></tr><tr><td><div class="stacktrace">org.testng.SkipException: Device not connected OR Appium Studio service is down...
	at com.driverInstance.DriverInstance.&lt;init&gt;(DriverInstance.java:73)
	at com.business.plobal.PlobalBusinessLogic.&lt;init&gt;(PlobalBusinessLogic.java:62)
	at com.Plobal.iOS_Plobal_Scripts.IOS_Plobal_Test_cases.init(IOS_Plobal_Test_cases.java:19)
... Removed 25 stack frames</div></td></tr></table><p class="totop"><a href="#summary">back to summary</a></p><h3 id="m8">com.Plobal.iOS_Plobal_Scripts.IOS_Plobal_Test_cases#plobalAppQuit</h3><table class="result"></table><p class="totop"><a href="#summary">back to summary</a></p><h3 id="m9">com.Plobal.iOS_Plobal_Scripts.IOS_Plobal_Test_cases#addProductToCart</h3><table class="result"></table><p class="totop"><a href="#summary">back to summary</a></p><h3 id="m10">com.Plobal.iOS_Plobal_Scripts.IOS_Plobal_Test_cases#plobalBarCodeSearchProduct</h3><table class="result"><tr class="param"><th>Parameter #1</th></tr><tr class="param stripe"><td>Remove</td></tr></table><p class="totop"><a href="#summary">back to summary</a></p><h3 id="m11">com.Plobal.iOS_Plobal_Scripts.IOS_Plobal_Test_cases#plobalDeliveryAddress</h3><table class="result"><tr class="param"><th>Parameter #1</th></tr><tr class="param stripe"><td>Edit</td></tr></table><p class="totop"><a href="#summary">back to summary</a></p><h3 id="m12">com.Plobal.iOS_Plobal_Scripts.IOS_Plobal_Test_cases#plobalLogin</h3><table class="result"><tr class="param"><th>Parameter #1</th><th>Parameter #2</th><th>Parameter #3</th><th>Parameter #4</th></tr><tr class="param stripe"><td>abc@gmail.com</td><td>1UB7p90IVxlFRmBv2ig8ag</td><td>Testmail@mailnesia.com</td><td>123456</td></tr></table><p class="totop"><a href="#summary">back to summary</a></p><h3 id="m13">com.Plobal.iOS_Plobal_Scripts.IOS_Plobal_Test_cases#plobalLogout</h3><table class="result"></table><p class="totop"><a href="#summary">back to summary</a></p><h3 id="m14">com.Plobal.iOS_Plobal_Scripts.IOS_Plobal_Test_cases#plobalSearchProduct</h3><table class="result"><tr class="param"><th>Parameter #1</th></tr><tr class="param stripe"><td>Confirm_Address</td></tr></table><p class="totop"><a href="#summary">back to summary</a></p><h3 id="m15">com.Plobal.iOS_Plobal_Scripts.IOS_Plobal_Test_cases#plobalSelectItem</h3><table class="result"><tr class="param"><th>Parameter #1</th></tr><tr class="param stripe"><td>M</td></tr></table><p class="totop"><a href="#summary">back to summary</a></p></body></html>