<?xml version="1.0" encoding="UTF-8"?>
<testsuite xmlns:xsi="http://www.w3.org/2001/XMLSchema-instance" xsi:noNamespaceSchemaLocation="https://maven.apache.org/surefire/maven-surefire-plugin/xsd/surefire-test-report.xsd" name="TestSuite" time="15.438" tests="16" errors="0" skipped="9" failures="7">
  <properties>
    <property name="java.vendor" value="Oracle Corporation"/>
    <property name="JOB_NAME" value="Plobal_iOS_Automation"/>
    <property name="RUN_TESTS_DISPLAY_URL" value="http://localhost:8080/job/Plobal_iOS_Automation/43/display/redirect?page=tests"/>
    <property name="sun.java.launcher" value="SUN_STANDARD"/>
    <property name="NUMBER_OF_PROCESSORS" value="8"/>
    <property name="sun.management.compiler" value="HotSpot Client Compiler"/>
    <property name="JENKINS_HOME" value="C:\Users\IGS0501\.jenkins"/>
    <property name="HUDSON_SERVER_COOKIE" value="a778e2eecc1bea5f"/>
    <property name="POM_ARTIFACTID" value="Plobal"/>
    <property name="os.name" value="Windows 10"/>
    <property name="sun.boot.class.path" value="C:\Program Files (x86)\Java\jdk1.8.0_202\jre\lib\resources.jar;C:\Program Files (x86)\Java\jdk1.8.0_202\jre\lib\rt.jar;C:\Program Files (x86)\Java\jdk1.8.0_202\jre\lib\sunrsasign.jar;C:\Program Files (x86)\Java\jdk1.8.0_202\jre\lib\jsse.jar;C:\Program Files (x86)\Java\jdk1.8.0_202\jre\lib\jce.jar;C:\Program Files (x86)\Java\jdk1.8.0_202\jre\lib\charsets.jar;C:\Program Files (x86)\Java\jdk1.8.0_202\jre\lib\jfr.jar;C:\Program Files (x86)\Java\jdk1.8.0_202\jre\classes"/>
    <property name="EXECUTOR_NUMBER" value="1"/>
    <property name="sun.desktop" value="windows"/>
    <property name="PATHEXT" value=".COM;.EXE;.BAT;.CMD;.VBS;.VBE;.JS;.JSE;.WSF;.WSH;.MSC"/>
    <property name="java.vm.specification.vendor" value="Oracle Corporation"/>
    <property name="POM_DISPLAYNAME" value="SeetestAutomation"/>
    <property name="NODE_LABELS" value="built-in"/>
    <property name="TEMP" value="C:\Windows\TEMP"/>
    <property name="java.runtime.version" value="1.8.0_202-b08"/>
    <property name="WINSW_SERVICE_ID" value="jenkins"/>
    <property name="user.name" value="DESKTOP-077G3EM$"/>
    <property name="guice.disable.misplaced.annotation.check" value="true"/>
    <property name="CommonProgramW6432" value="C:\Program Files\Common Files"/>
    <property name="ProgramFiles" value="C:\Program Files (x86)"/>
    <property name="user.language" value="en"/>
    <property name="JOB_BASE_NAME" value="Plobal_iOS_Automation"/>
    <property name="RUN_CHANGES_DISPLAY_URL" value="http://localhost:8080/job/Plobal_iOS_Automation/43/display/redirect?page=changes"/>
    <property name="BUILD_DISPLAY_NAME" value="#43"/>
    <property name="sun.boot.library.path" value="C:\Program Files (x86)\Java\jdk1.8.0_202\jre\bin"/>
    <property name="LOCALAPPDATA" value="C:\Windows\system32\config\systemprofile\AppData\Local"/>
    <property name="java.version" value="1.8.0_202"/>
    <property name="PROCESSOR_LEVEL" value="6"/>
    <property name="user.timezone" value="Asia/Calcutta"/>
    <property name="USERNAME" value="DESKTOP-077G3EM$"/>
    <property name="sun.arch.data.model" value="32"/>
    <property name="NODE_NAME" value="built-in"/>
    <property name="PROCESSOR_ARCHITEW6432" value="AMD64"/>
    <property name="java.endorsed.dirs" value="C:\Program Files (x86)\Java\jdk1.8.0_202\jre\lib\endorsed"/>
    <property name="BUILD_ID" value="43"/>
    <property name="sun.cpu.isalist" value="pentium_pro+mmx pentium_pro pentium+mmx pentium i486 i386 i86"/>
    <property name="sun.jnu.encoding" value="Cp1252"/>
    <property name="file.encoding.pkg" value="sun.io"/>
    <property name="file.separator" value="\"/>
    <property name="java.specification.name" value="Java Platform API Specification"/>
    <property name="maven.conf" value="C:\Program Files\apache-maven-3.8.6\conf"/>
    <property name="java.class.version" value="52.0"/>
    <property name="org.slf4j.simpleLogger.defaultLogLevel" value="info"/>
    <property name="user.country" value="US"/>
    <property name="ALLUSERSPROFILE" value="C:\ProgramData"/>
    <property name="java.home" value="C:\Program Files (x86)\Java\jdk1.8.0_202\jre"/>
    <property name="java.vm.info" value="mixed mode, sharing"/>
    <property name="os.version" value="10.0"/>
    <property name="RUN_DISPLAY_URL" value="http://localhost:8080/job/Plobal_iOS_Automation/43/display/redirect"/>
    <property name="POM_VERSION" value="1.0-SNAPSHOT"/>
    <property name="TMP" value="C:\Windows\TEMP"/>
    <property name="RUN_ARTIFACTS_DISPLAY_URL" value="http://localhost:8080/job/Plobal_iOS_Automation/43/display/redirect?page=artifacts"/>
    <property name="path.separator" value=";"/>
    <property name="java.vm.version" value="25.202-b08"/>
    <property name="user.variant" value=""/>
    <property name="GIT_PREVIOUS_COMMIT" value="5b623c4c80e5a11d28d5e0a52652b566a9a0e3ef"/>
    <property name="JOB_DISPLAY_URL" value="http://localhost:8080/job/Plobal_iOS_Automation/display/redirect"/>
    <property name="CommonProgramFiles(x86)" value="C:\Program Files (x86)\Common Files"/>
    <property name="java.awt.printerjob" value="sun.awt.windows.WPrinterJob"/>
    <property name="JAVA_HOME" value="C:\Program Files (x86)\Java\jdk1.8.0_202"/>
    <property name="sun.io.unicode.encoding" value="UnicodeLittle"/>
    <property name="CommonProgramFiles" value="C:\Program Files (x86)\Common Files"/>
    <property name="ComSpec" value="C:\Windows\system32\cmd.exe"/>
    <property name="awt.toolkit" value="sun.awt.windows.WToolkit"/>
    <property name="POM_PACKAGING" value="jar"/>
    <property name="asl.log" value="Destination=file"/>
    <property name="user.script" value=""/>
    <property name="SERVICE_ID" value="jenkins"/>
    <property name="COMPUTERNAME" value="DESKTOP-077G3EM"/>
    <property name="POM_GROUPID" value="Plobal"/>
    <property name="user.home" value="C:\Windows\system32\config\systemprofile"/>
    <property name="PUBLIC" value="C:\Users\Public"/>
    <property name="BUILD_TAG" value="jenkins-Plobal_iOS_Automation-43"/>
    <property name="JENKINS_SERVER_COOKIE" value="a778e2eecc1bea5f"/>
    <property name="HUDSON_URL" value="http://localhost:8080/"/>
    <property name="ProgramData" value="C:\ProgramData"/>
    <property name="java.specification.vendor" value="Oracle Corporation"/>
    <property name="USERPROFILE" value="C:\Windows\system32\config\systemprofile"/>
    <property name="CLASSPATH" value=""/>
    <property name="java.vendor.url" value="http://java.oracle.com/"/>
    <property name="java.library.path" value="C:\Program Files (x86)\Java\jdk1.8.0_202\bin;C:\Windows\Sun\Java\bin;C:\Windows\system32;C:\Windows;C:\Program Files\apache-maven-3.8.6/bin;C:\Program Files (x86)\Java\jdk1.8.0_202/bin;C:\Program Files (x86)\Java\jdk1.8.0_202/bin;C:\Program Files (x86)\Common Files\Oracle\Java\javapath;C:\Windows\system32;C:\Windows;C:\Windows\System32\Wbem;C:\Windows\System32\WindowsPowerShell\v1.0\;C:\Windows\System32\OpenSSH\;C:\Users\IGS0501\AppData\Local\Android\Sdk\tools;C:\Users\IGS0501\AppData\Local\Android\Sdk\platform-tools;C:\Program Files\nodejs\;C:\Program Files\Git\bin;C:\Program Files\apache-maven-3.8.6\bin;C:\Windows\system32\config\systemprofile\AppData\Local\Microsoft\WindowsApps;."/>
    <property name="java.vm.vendor" value="Oracle Corporation"/>
    <property name="APPDATA" value="C:\Windows\system32\config\systemprofile\AppData\Roaming"/>
    <property name="ZES_ENABLE_SYSMAN" value="1"/>
    <property name="java.runtime.name" value="Java(TM) SE Runtime Environment"/>
    <property name="maven.home" value="C:\Program Files\apache-maven-3.8.6"/>
    <property name="java.class.path" value="C:\Users\IGS0501\.jenkins\plugins\maven-plugin\WEB-INF\lib\maven35-agent-1.13.jar;C:\Program Files\apache-maven-3.8.6\boot\plexus-classworlds-2.6.0.jar;C:\Program Files\apache-maven-3.8.6/conf/logging"/>
    <property name="sun.java.command" value="jenkins.maven3.agent.Maven35Main C:\Program Files\apache-maven-3.8.6 C:\Users\IGS0501\.jenkins\war\WEB-INF\lib\remoting-4.13.3.jar C:\Users\IGS0501\.jenkins\plugins\maven-plugin\WEB-INF\lib\maven35-interceptor-1.13.jar C:\Users\IGS0501\.jenkins\plugins\maven-plugin\WEB-INF\lib\maven3-interceptor-commons-1.13.jar 49377"/>
    <property name="Path" value="C:\Program Files (x86)\Java\jdk1.8.0_202/bin;C:\Program Files (x86)\Common Files\Oracle\Java\javapath;C:\Windows\system32;C:\Windows;C:\Windows\System32\Wbem;C:\Windows\System32\WindowsPowerShell\v1.0\;C:\Windows\System32\OpenSSH\;C:\Users\IGS0501\AppData\Local\Android\Sdk\tools;C:\Users\IGS0501\AppData\Local\Android\Sdk\platform-tools;C:\Program Files\nodejs\;C:\Program Files\Git\bin;C:\Program Files\apache-maven-3.8.6\bin;C:\Windows\system32\config\systemprofile\AppData\Local\Microsoft\WindowsApps"/>
    <property name="java.vm.specification.name" value="Java Virtual Machine Specification"/>
    <property name="PROCESSOR_ARCHITECTURE" value="x86"/>
    <property name="jansi.mode" value="strip"/>
    <property name="PATH+JDK" value="C:\Program Files (x86)\Java\jdk1.8.0_202/bin"/>
    <property name="PROCESSOR_IDENTIFIER" value="Intel64 Family 6 Model 140 Stepping 1, GenuineIntel"/>
    <property name="java.vm.specification.version" value="1.8"/>
    <property name="sun.os.patch.level" value=""/>
    <property name="sun.cpu.endian" value="little"/>
    <property name="M2_HOME" value="C:\Program Files\apache-maven-3.8.6"/>
    <property name="java.io.tmpdir" value="C:\Windows\TEMP\"/>
    <property name="CI" value="true"/>
    <property name="OS" value="Windows_NT"/>
    <property name="HUDSON_HOME" value="C:\Users\IGS0501\.jenkins"/>
    <property name="PATH+MAVEN" value="C:\Program Files\apache-maven-3.8.6/bin"/>
    <property name="ProgramFiles(x86)" value="C:\Program Files (x86)"/>
    <property name="BUILD_URL" value="http://localhost:8080/job/Plobal_iOS_Automation/43/"/>
    <property name="java.vendor.url.bug" value="http://bugreport.sun.com/bugreport/"/>
    <property name="java.awt.graphicsenv" value="sun.awt.Win32GraphicsEnvironment"/>
    <property name="os.arch" value="x86"/>
    <property name="SystemRoot" value="C:\Windows"/>
    <property name="java.ext.dirs" value="C:\Program Files (x86)\Java\jdk1.8.0_202\jre\lib\ext;C:\Windows\Sun\Java\lib\ext"/>
    <property name="user.dir" value="C:\Users\IGS0501\Desktop\Plobal_iOS"/>
    <property name="JOB_URL" value="http://localhost:8080/job/Plobal_iOS_Automation/"/>
    <property name="USERDOMAIN" value="WORKGROUP"/>
    <property name="line.separator" value="&#10;"/>
    <property name="MAVEN_HOME" value="C:\Program Files\apache-maven-3.8.6"/>
    <property name="java.vm.name" value="Java HotSpot(TM) Client VM"/>
    <property name="BUILD_NUMBER" value="43"/>
    <property name="BASE" value="C:\Users\IGS0501\.jenkins"/>
    <property name="JENKINS_URL" value="http://localhost:8080/"/>
    <property name="PROCESSOR_REVISION" value="8c01"/>
    <property name="GIT_BRANCH" value="origin/master"/>
    <property name="ProgramW6432" value="C:\Program Files"/>
    <property name="windir" value="C:\Windows"/>
    <property name="GIT_COMMIT" value="5b623c4c80e5a11d28d5e0a52652b566a9a0e3ef"/>
    <property name="file.encoding" value="Cp1252"/>
    <property name="SystemDrive" value="C:"/>
    <property name="maven3.interceptor" value="C:\Users\IGS0501\.jenkins\plugins\maven-plugin\WEB-INF\lib\maven35-interceptor-1.13.jar"/>
    <property name="WORKSPACE_TMP" value="C:\Users\IGS0501\.jenkins\workspace\Plobal_iOS_Automation@tmp"/>
    <property name="WORKSPACE" value="C:\Users\IGS0501\.jenkins\workspace\Plobal_iOS_Automation"/>
    <property name="maven3.interceptor.common" value="C:\Users\IGS0501\.jenkins\plugins\maven-plugin\WEB-INF\lib\maven3-interceptor-commons-1.13.jar"/>
    <property name="WINSW_EXECUTABLE" value="C:\Users\IGS0501\.jenkins\jenkins.exe"/>
    <property name="java.specification.version" value="1.8"/>
    <property name="PSModulePath" value="C:\Program Files\WindowsPowerShell\Modules;C:\Windows\system32\WindowsPowerShell\v1.0\Modules"/>
    <property name="DriverData" value="C:\Windows\System32\Drivers\DriverData"/>
    <property name="GIT_URL" value="https://github.com/pulkitkr/Plobal_Auto.git"/>
  </properties>
  <testcase name="init" classname="com.Plobal.iOS_Plobal_Scripts.IOS_Plobal_Test_cases" time="0">
    <skipped message="Device not connected OR Appium Studio service is down..."/>
    <system-out><![CDATA[2022-10-11 15:24:18,473 main ERROR Unable to locate appender "FILE" for logger config "root"
2022-10-11 15:24:20,860 [main] INFO  binary_data_logger - Build 
2022-10-11 15:24:26,790 [main] INFO  binary_data_logger - PlatForm :: Plobal_iOS
2022-10-11 15:24:26,793 [main] INFO  binary_data_logger - Running Test :: iOSPlobal
2022-10-11 15:24:26,793 [main] INFO  binary_data_logger - Run Mode :: YES
2022-10-11 15:24:26,951 [main] INFO  binary_data_logger - Tapping on Plobal app
]]></system-out>
    <system-err><![CDATA[SLF4J: Class path contains multiple SLF4J bindings.
SLF4J: Found binding in [jar:file:/C:/Windows/system32/config/systemprofile/.m2/repository/ch/qos/logback/logback-classic/1.2.3/logback-classic-1.2.3.jar!/org/slf4j/impl/StaticLoggerBinder.class]
SLF4J: Found binding in [jar:file:/C:/Windows/system32/config/systemprofile/.m2/repository/org/apache/logging/log4j/log4j-slf4j-impl/2.13.2/log4j-slf4j-impl-2.13.2.jar!/org/slf4j/impl/StaticLoggerBinder.class]
SLF4J: See http://www.slf4j.org/codes.html#multiple_bindings for an explanation.
SLF4J: Actual binding is of type [ch.qos.logback.classic.util.ContextSelectorStaticBinder]
org.openqa.selenium.SessionNotCreatedException: Unable to create a new remote session. Please check the server log for more details. Original error: An unknown server-side error occurred while processing the command. Original error: Unknown device or simulator UDID: '02bb95913cd357408c445e73802534f53aa8d30d'
Build info: version: '3.141.59', revision: 'e82be7d358', time: '2018-11-14T08:17:03'
System info: host: 'DESKTOP-077G3EM', ip: '172.31.98.4', os.name: 'Windows 10', os.arch: 'x86', os.version: '10.0', java.version: '1.8.0_202'
Driver info: driver.version: IOSDriver
remote stacktrace: UnknownError: An unknown server-side error occurred while processing the command. Original error: Unknown device or simulator UDID: '02bb95913cd357408c445e73802534f53aa8d30d'
    at getResponseForW3CError (C:\Users\IGS0501\AppData\Roaming\npm\node_modules\appium\node_modules\appium-base-driver\lib\protocol\errors.js:804:9)
    at asyncHandler (C:\Users\IGS0501\AppData\Roaming\npm\node_modules\appium\node_modules\appium-base-driver\lib\protocol\protocol.js:380:37)
Build info: version: '3.141.59', revision: 'e82be7d358', time: '2018-11-14T08:17:03'
System info: host: 'DESKTOP-077G3EM', ip: '172.31.98.4', os.name: 'Windows 10', os.arch: 'x86', os.version: '10.0', java.version: '1.8.0_202'
Driver info: driver.version: IOSDriver
	at io.appium.java_client.remote.AppiumCommandExecutor$1.createSession(AppiumCommandExecutor.java:208)
	at io.appium.java_client.remote.AppiumCommandExecutor.createSession(AppiumCommandExecutor.java:217)
	at io.appium.java_client.remote.AppiumCommandExecutor.execute(AppiumCommandExecutor.java:239)
	at org.openqa.selenium.remote.RemoteWebDriver.execute(RemoteWebDriver.java:552)
	at io.appium.java_client.DefaultGenericMobileDriver.execute(DefaultGenericMobileDriver.java:41)
	at io.appium.java_client.AppiumDriver.execute(AppiumDriver.java:1)
	at io.appium.java_client.ios.IOSDriver.execute(IOSDriver.java:1)
	at org.openqa.selenium.remote.RemoteWebDriver.startSession(RemoteWebDriver.java:213)
	at io.appium.java_client.AppiumDriver.startSession(AppiumDriver.java:323)
	at org.openqa.selenium.remote.RemoteWebDriver.<init>(RemoteWebDriver.java:131)
	at io.appium.java_client.DefaultGenericMobileDriver.<init>(DefaultGenericMobileDriver.java:37)
	at io.appium.java_client.AppiumDriver.<init>(AppiumDriver.java:86)
	at io.appium.java_client.AppiumDriver.<init>(AppiumDriver.java:96)
	at io.appium.java_client.ios.IOSDriver.<init>(IOSDriver.java:92)
	at com.driverInstance.DriverInstance.<init>(DriverInstance.java:65)
	at com.business.plobal.PlobalBusinessLogic.<init>(PlobalBusinessLogic.java:62)
	at com.Plobal.iOS_Plobal_Scripts.IOS_Plobal_Test_cases.init(IOS_Plobal_Test_cases.java:19)
	at sun.reflect.NativeMethodAccessorImpl.invoke0(Native Method)
	at sun.reflect.NativeMethodAccessorImpl.invoke(NativeMethodAccessorImpl.java:62)
	at sun.reflect.DelegatingMethodAccessorImpl.invoke(DelegatingMethodAccessorImpl.java:43)
	at java.lang.reflect.Method.invoke(Method.java:498)
	at org.testng.internal.MethodInvocationHelper.invokeMethod(MethodInvocationHelper.java:86)
	at org.testng.internal.Invoker.invokeConfigurationMethod(Invoker.java:514)
	at org.testng.internal.Invoker.invokeConfigurations(Invoker.java:215)
	at org.testng.internal.Invoker.invokeConfigurations(Invoker.java:142)
	at org.testng.TestRunner.beforeRun(TestRunner.java:656)
	at org.testng.TestRunner.run(TestRunner.java:624)
	at org.testng.SuiteRunner.runTest(SuiteRunner.java:366)
	at org.testng.SuiteRunner.runSequentially(SuiteRunner.java:361)
	at org.testng.SuiteRunner.privateRun(SuiteRunner.java:319)
	at org.testng.SuiteRunner.run(SuiteRunner.java:268)
	at org.testng.SuiteRunnerWorker.runSuite(SuiteRunnerWorker.java:52)
	at org.testng.SuiteRunnerWorker.run(SuiteRunnerWorker.java:86)
	at org.testng.TestNG.runSuitesSequentially(TestNG.java:1244)
	at org.testng.TestNG.runSuitesLocally(TestNG.java:1169)
	at org.testng.TestNG.run(TestNG.java:1064)
	at org.apache.maven.surefire.testng.TestNGExecutor.run(TestNGExecutor.java:283)
	at org.apache.maven.surefire.testng.TestNGXmlTestSuite.execute(TestNGXmlTestSuite.java:75)
	at org.apache.maven.surefire.testng.TestNGProvider.invoke(TestNGProvider.java:120)
	at org.apache.maven.surefire.booter.ForkedBooter.invokeProviderInSameClassLoader(ForkedBooter.java:386)
	at org.apache.maven.surefire.booter.ForkedBooter.runSuitesInProcess(ForkedBooter.java:323)
	at org.apache.maven.surefire.booter.ForkedBooter.main(ForkedBooter.java:143)
Caused by: java.lang.reflect.InvocationTargetException
	at sun.reflect.NativeMethodAccessorImpl.invoke0(Native Method)
	at sun.reflect.NativeMethodAccessorImpl.invoke(NativeMethodAccessorImpl.java:62)
	at sun.reflect.DelegatingMethodAccessorImpl.invoke(DelegatingMethodAccessorImpl.java:43)
	at java.lang.reflect.Method.invoke(Method.java:498)
	at io.appium.java_client.remote.AppiumCommandExecutor$1.createSession(AppiumCommandExecutor.java:186)
	... 41 more
Caused by: org.openqa.selenium.WebDriverException: An unknown server-side error occurred while processing the command. Original error: Unknown device or simulator UDID: '02bb95913cd357408c445e73802534f53aa8d30d'
Build info: version: '3.141.59', revision: 'e82be7d358', time: '2018-11-14T08:17:03'
System info: host: 'DESKTOP-077G3EM', ip: '172.31.98.4', os.name: 'Windows 10', os.arch: 'x86', os.version: '10.0', java.version: '1.8.0_202'
Driver info: driver.version: IOSDriver
remote stacktrace: UnknownError: An unknown server-side error occurred while processing the command. Original error: Unknown device or simulator UDID: '02bb95913cd357408c445e73802534f53aa8d30d'
    at getResponseForW3CError (C:\Users\IGS0501\AppData\Roaming\npm\node_modules\appium\node_modules\appium-base-driver\lib\protocol\errors.js:804:9)
    at asyncHandler (C:\Users\IGS0501\AppData\Roaming\npm\node_modules\appium\node_modules\appium-base-driver\lib\protocol\protocol.js:380:37)
	at sun.reflect.NativeConstructorAccessorImpl.newInstance0(Native Method)
	at sun.reflect.NativeConstructorAccessorImpl.newInstance(NativeConstructorAccessorImpl.java:62)
	at sun.reflect.DelegatingConstructorAccessorImpl.newInstance(DelegatingConstructorAccessorImpl.java:45)
	at java.lang.reflect.Constructor.newInstance(Constructor.java:423)
	at org.openqa.selenium.remote.W3CHandshakeResponse.lambda$errorHandler$0(W3CHandshakeResponse.java:62)
	at org.openqa.selenium.remote.HandshakeResponse.lambda$getResponseFunction$0(HandshakeResponse.java:30)
	at org.openqa.selenium.remote.ProtocolHandshake.lambda$createSession$0(ProtocolHandshake.java:126)
	at java.util.stream.ReferencePipeline$3$1.accept(ReferencePipeline.java:193)
	at java.util.Spliterators$ArraySpliterator.tryAdvance(Spliterators.java:958)
	at java.util.stream.ReferencePipeline.forEachWithCancel(ReferencePipeline.java:126)
	at java.util.stream.AbstractPipeline.copyIntoWithCancel(AbstractPipeline.java:498)
	at java.util.stream.AbstractPipeline.copyInto(AbstractPipeline.java:485)
	at java.util.stream.AbstractPipeline.wrapAndCopyInto(AbstractPipeline.java:471)
	at java.util.stream.FindOps$FindOp.evaluateSequential(FindOps.java:152)
	at java.util.stream.AbstractPipeline.evaluate(AbstractPipeline.java:234)
	at java.util.stream.ReferencePipeline.findFirst(ReferencePipeline.java:464)
	at org.openqa.selenium.remote.ProtocolHandshake.createSession(ProtocolHandshake.java:128)
	... 46 more
]]></system-err>
  </testcase>
  <testcase name="plobalLogin" classname="com.Plobal.iOS_Plobal_Scripts.IOS_Plobal_Test_cases" time="0">
    <skipped/>
    <system-out><![CDATA[Suite
2022-10-11 15:24:30,521 [main] INFO  binary_data_logger - :::::::::Test plobalLogin Started::::::::
java.io.FileNotFoundException: C:\Users\IGS0501\Desktop\Plobal_iOS\Excel_Reports\11_10_2022\15_24_30.xlsx (The system cannot find the path specified)
]]></system-out>
  </testcase>
  <testcase name="plobalLogin" classname="com.Plobal.iOS_Plobal_Scripts.IOS_Plobal_Test_cases" time="0.305">
    <failure message="nodeName cannot be null or empty" type="java.lang.IllegalArgumentException">java.lang.IllegalArgumentException: nodeName cannot be null or empty
</failure>
  </testcase>
  <testcase name="plobalSelectItem" classname="com.Plobal.iOS_Plobal_Scripts.IOS_Plobal_Test_cases" time="0">
    <skipped/>
    <system-out><![CDATA[Suite
2022-10-11 15:24:30,824 [main] INFO  binary_data_logger - :::::::::Test plobalSelectItem Started::::::::
java.io.FileNotFoundException: C:\Users\IGS0501\Desktop\Plobal_iOS\Excel_Reports\11_10_2022\15_24_30.xlsx (The system cannot find the path specified)
]]></system-out>
  </testcase>
  <testcase name="plobalSelectItem" classname="com.Plobal.iOS_Plobal_Scripts.IOS_Plobal_Test_cases" time="0.018">
    <failure message="nodeName cannot be null or empty" type="java.lang.IllegalArgumentException">java.lang.IllegalArgumentException: nodeName cannot be null or empty
</failure>
  </testcase>
  <testcase name="addProductToCart" classname="com.Plobal.iOS_Plobal_Scripts.IOS_Plobal_Test_cases" time="0">
    <skipped/>
    <system-out><![CDATA[Suite
2022-10-11 15:24:30,844 [main] INFO  binary_data_logger - :::::::::Test addProductToCart Started::::::::
java.io.FileNotFoundException: C:\Users\IGS0501\Desktop\Plobal_iOS\Excel_Reports\11_10_2022\15_24_30.xlsx (The system cannot find the path specified)
]]></system-out>
  </testcase>
  <testcase name="addProductToCart" classname="com.Plobal.iOS_Plobal_Scripts.IOS_Plobal_Test_cases" time="0.019">
    <failure message="nodeName cannot be null or empty" type="java.lang.IllegalArgumentException">java.lang.IllegalArgumentException: nodeName cannot be null or empty
</failure>
  </testcase>
  <testcase name="plobalDeliveryAddress" classname="com.Plobal.iOS_Plobal_Scripts.IOS_Plobal_Test_cases" time="0">
    <skipped/>
    <system-out><![CDATA[Suite
2022-10-11 15:24:30,863 [main] INFO  binary_data_logger - :::::::::Test plobalDeliveryAddress Started::::::::
java.io.FileNotFoundException: C:\Users\IGS0501\Desktop\Plobal_iOS\Excel_Reports\11_10_2022\15_24_30.xlsx (The system cannot find the path specified)
]]></system-out>
  </testcase>
  <testcase name="plobalDeliveryAddress" classname="com.Plobal.iOS_Plobal_Scripts.IOS_Plobal_Test_cases" time="0.019">
    <failure message="nodeName cannot be null or empty" type="java.lang.IllegalArgumentException">java.lang.IllegalArgumentException: nodeName cannot be null or empty
</failure>
  </testcase>
  <testcase name="plobalSearchProduct" classname="com.Plobal.iOS_Plobal_Scripts.IOS_Plobal_Test_cases" time="0">
    <skipped/>
    <system-out><![CDATA[Suite
2022-10-11 15:24:30,884 [main] INFO  binary_data_logger - :::::::::Test plobalSearchProduct Started::::::::
java.io.FileNotFoundException: C:\Users\IGS0501\Desktop\Plobal_iOS\Excel_Reports\11_10_2022\15_24_30.xlsx (The system cannot find the path specified)
]]></system-out>
  </testcase>
  <testcase name="plobalSearchProduct" classname="com.Plobal.iOS_Plobal_Scripts.IOS_Plobal_Test_cases" time="0.018">
    <failure message="nodeName cannot be null or empty" type="java.lang.IllegalArgumentException">java.lang.IllegalArgumentException: nodeName cannot be null or empty
</failure>
  </testcase>
  <testcase name="plobalBarCodeSearchProduct" classname="com.Plobal.iOS_Plobal_Scripts.IOS_Plobal_Test_cases" time="0">
    <skipped/>
    <system-out><![CDATA[Suite
2022-10-11 15:24:30,903 [main] INFO  binary_data_logger - :::::::::Test plobalBarCodeSearchProduct Started::::::::
java.io.FileNotFoundException: C:\Users\IGS0501\Desktop\Plobal_iOS\Excel_Reports\11_10_2022\15_24_30.xlsx (The system cannot find the path specified)
]]></system-out>
  </testcase>
  <testcase name="plobalBarCodeSearchProduct" classname="com.Plobal.iOS_Plobal_Scripts.IOS_Plobal_Test_cases" time="0.021">
    <failure message="nodeName cannot be null or empty" type="java.lang.IllegalArgumentException">java.lang.IllegalArgumentException: nodeName cannot be null or empty
</failure>
  </testcase>
  <testcase name="plobalLogout" classname="com.Plobal.iOS_Plobal_Scripts.IOS_Plobal_Test_cases" time="0">
    <skipped/>
    <system-out><![CDATA[Suite
2022-10-11 15:24:30,925 [main] INFO  binary_data_logger - :::::::::Test plobalLogout Started::::::::
java.io.FileNotFoundException: C:\Users\IGS0501\Desktop\Plobal_iOS\Excel_Reports\11_10_2022\15_24_30.xlsx (The system cannot find the path specified)
]]></system-out>
  </testcase>
  <testcase name="plobalLogout" classname="com.Plobal.iOS_Plobal_Scripts.IOS_Plobal_Test_cases" time="0.021">
    <failure message="nodeName cannot be null or empty" type="java.lang.IllegalArgumentException">java.lang.IllegalArgumentException: nodeName cannot be null or empty
</failure>
  </testcase>
  <testcase name="plobalAppQuit" classname="com.Plobal.iOS_Plobal_Scripts.IOS_Plobal_Test_cases" time="0">
    <skipped/>
  </testcase>
</testsuite>