<?xml version="1.0" encoding="UTF-8"?>
<!-- Generated by org.testng.reporters.JUnitXMLReporter -->
<testsuite hostname="DESKTOP-077G3EM" name="iOSPlobal" tests="14" failures="7" timestamp="11 Oct 2022 09:54:30 GMT" time="12.212" errors="0">
  <testcase name="@BeforeTest init" time="0.0" classname="com.Plobal.iOS_Plobal_Scripts.IOS_Plobal_Test_cases">
    <skipped/>
  </testcase> <!-- @BeforeTest init -->
  <testcase name="@AfterTest plobalAppQuit" time="0.0" classname="com.Plobal.iOS_Plobal_Scripts.IOS_Plobal_Test_cases">
    <skipped/>
  </testcase> <!-- @AfterTest plobalAppQuit -->
  <testcase name="plobalLogin" time="0.281" classname="com.Plobal.iOS_Plobal_Scripts.IOS_Plobal_Test_cases">
    <skipped/>
  </testcase> <!-- plobalLogin -->
  <testcase name="plobalLogin" time="0.29" classname="com.Plobal.iOS_Plobal_Scripts.IOS_Plobal_Test_cases">
    <failure type="java.lang.IllegalArgumentException" message="nodeName cannot be null or empty">
      <![CDATA[java.lang.IllegalArgumentException: nodeName cannot be null or empty
	at com.aventstack.extentreports.ExtentTest.createNode(ExtentTest.java:166)
	at com.aventstack.extentreports.ExtentTest.createNode(ExtentTest.java:274)
	at com.extent.ExtentReporter.HeaderChildNode(ExtentReporter.java:285)
	at com.extent.ExtentReporter.onTestSkipped(ExtentReporter.java:276)
... Removed 24 stack frames]]>
    </failure>
  </testcase> <!-- plobalLogin -->
  <testcase name="plobalSelectItem" time="0.018" classname="com.Plobal.iOS_Plobal_Scripts.IOS_Plobal_Test_cases">
    <skipped/>
  </testcase> <!-- plobalSelectItem -->
  <testcase name="plobalSelectItem" time="0.019" classname="com.Plobal.iOS_Plobal_Scripts.IOS_Plobal_Test_cases">
    <failure type="java.lang.IllegalArgumentException" message="nodeName cannot be null or empty">
      <![CDATA[java.lang.IllegalArgumentException: nodeName cannot be null or empty
	at com.aventstack.extentreports.ExtentTest.createNode(ExtentTest.java:166)
	at com.aventstack.extentreports.ExtentTest.createNode(ExtentTest.java:274)
	at com.extent.ExtentReporter.HeaderChildNode(ExtentReporter.java:285)
	at com.extent.ExtentReporter.onTestSkipped(ExtentReporter.java:276)
... Removed 24 stack frames]]>
    </failure>
  </testcase> <!-- plobalSelectItem -->
  <testcase name="addProductToCart" time="0.018" classname="com.Plobal.iOS_Plobal_Scripts.IOS_Plobal_Test_cases">
    <skipped/>
  </testcase> <!-- addProductToCart -->
  <testcase name="addProductToCart" time="0.018" classname="com.Plobal.iOS_Plobal_Scripts.IOS_Plobal_Test_cases">
    <failure type="java.lang.IllegalArgumentException" message="nodeName cannot be null or empty">
      <![CDATA[java.lang.IllegalArgumentException: nodeName cannot be null or empty
	at com.aventstack.extentreports.ExtentTest.createNode(ExtentTest.java:166)
	at com.aventstack.extentreports.ExtentTest.createNode(ExtentTest.java:274)
	at com.extent.ExtentReporter.HeaderChildNode(ExtentReporter.java:285)
	at com.extent.ExtentReporter.onTestSkipped(ExtentReporter.java:276)
... Removed 24 stack frames]]>
    </failure>
  </testcase> <!-- addProductToCart -->
  <testcase name="plobalDeliveryAddress" time="0.019" classname="com.Plobal.iOS_Plobal_Scripts.IOS_Plobal_Test_cases">
    <skipped/>
  </testcase> <!-- plobalDeliveryAddress -->
  <testcase name="plobalDeliveryAddress" time="0.019" classname="com.Plobal.iOS_Plobal_Scripts.IOS_Plobal_Test_cases">
    <failure type="java.lang.IllegalArgumentException" message="nodeName cannot be null or empty">
      <![CDATA[java.lang.IllegalArgumentException: nodeName cannot be null or empty
	at com.aventstack.extentreports.ExtentTest.createNode(ExtentTest.java:166)
	at com.aventstack.extentreports.ExtentTest.createNode(ExtentTest.java:274)
	at com.extent.ExtentReporter.HeaderChildNode(ExtentReporter.java:285)
	at com.extent.ExtentReporter.onTestSkipped(ExtentReporter.java:276)
... Removed 24 stack frames]]>
    </failure>
  </testcase> <!-- plobalDeliveryAddress -->
  <testcase name="plobalSearchProduct" time="0.017" classname="com.Plobal.iOS_Plobal_Scripts.IOS_Plobal_Test_cases">
    <skipped/>
  </testcase> <!-- plobalSearchProduct -->
  <testcase name="plobalSearchProduct" time="0.018" classname="com.Plobal.iOS_Plobal_Scripts.IOS_Plobal_Test_cases">
    <failure type="java.lang.IllegalArgumentException" message="nodeName cannot be null or empty">
      <![CDATA[java.lang.IllegalArgumentException: nodeName cannot be null or empty
	at com.aventstack.extentreports.ExtentTest.createNode(ExtentTest.java:166)
	at com.aventstack.extentreports.ExtentTest.createNode(ExtentTest.java:274)
	at com.extent.ExtentReporter.HeaderChildNode(ExtentReporter.java:285)
	at com.extent.ExtentReporter.onTestSkipped(ExtentReporter.java:276)
... Removed 24 stack frames]]>
    </failure>
  </testcase> <!-- plobalSearchProduct -->
  <testcase name="plobalBarCodeSearchProduct" time="0.021" classname="com.Plobal.iOS_Plobal_Scripts.IOS_Plobal_Test_cases">
    <skipped/>
  </testcase> <!-- plobalBarCodeSearchProduct -->
  <testcase name="plobalBarCodeSearchProduct" time="0.021" classname="com.Plobal.iOS_Plobal_Scripts.IOS_Plobal_Test_cases">
    <failure type="java.lang.IllegalArgumentException" message="nodeName cannot be null or empty">
      <![CDATA[java.lang.IllegalArgumentException: nodeName cannot be null or empty
	at com.aventstack.extentreports.ExtentTest.createNode(ExtentTest.java:166)
	at com.aventstack.extentreports.ExtentTest.createNode(ExtentTest.java:274)
	at com.extent.ExtentReporter.HeaderChildNode(ExtentReporter.java:285)
	at com.extent.ExtentReporter.onTestSkipped(ExtentReporter.java:276)
... Removed 24 stack frames]]>
    </failure>
  </testcase> <!-- plobalBarCodeSearchProduct -->
  <testcase name="plobalLogout" time="0.02" classname="com.Plobal.iOS_Plobal_Scripts.IOS_Plobal_Test_cases">
    <skipped/>
  </testcase> <!-- plobalLogout -->
  <testcase name="plobalLogout" time="0.021" classname="com.Plobal.iOS_Plobal_Scripts.IOS_Plobal_Test_cases">
    <failure type="java.lang.IllegalArgumentException" message="nodeName cannot be null or empty">
      <![CDATA[java.lang.IllegalArgumentException: nodeName cannot be null or empty
	at com.aventstack.extentreports.ExtentTest.createNode(ExtentTest.java:166)
	at com.aventstack.extentreports.ExtentTest.createNode(ExtentTest.java:274)
	at com.extent.ExtentReporter.HeaderChildNode(ExtentReporter.java:285)
	at com.extent.ExtentReporter.onTestSkipped(ExtentReporter.java:276)
... Removed 24 stack frames]]>
    </failure>
  </testcase> <!-- plobalLogout -->
</testsuite> <!-- iOSPlobal -->
